<?xml version="1.0" encoding="UTF-8"?>
<!-- Generated by org.testng.reporters.JUnitReportReporter -->
<testsuite hostname="DESKTOP-MHPIMKC" failures="0" tests="1" name="com.zerodha.TestCases.LoginPageTest" time="11.897" errors="0" timestamp="2022-09-27T13:25:22 IST" skipped="0">
  <testcase classname="com.zerodha.TestCases.LoginPageTest" name="validateLoginFun" time="11.897"/>
  <system-out/>
</testsuite> <!-- com.zerodha.TestCases.LoginPageTest -->
